execve("/usr/local/python3.11.13/bin/python", ["python", "01-vector-add.py"], 0xffffe44c31a0 /* 47 vars */) = 0
strace: Process 1717794 attached
strace: Process 1717795 attached
strace: Process 1717796 attached
strace: Process 1717797 attached
strace: Process 1717798 attached
strace: Process 1717799 attached
strace: Process 1717800 attached
strace: Process 1717801 attached
strace: Process 1717802 attached
strace: Process 1717803 attached
strace: Process 1717804 attached
strace: Process 1717805 attached
strace: Process 1717806 attached
strace: Process 1717807 attached
strace: Process 1717808 attached
strace: Process 1717809 attached
strace: Process 1717810 attached
strace: Process 1717811 attached
strace: Process 1717812 attached
strace: Process 1717813 attached
strace: Process 1717814 attached
strace: Process 1717815 attached
strace: Process 1717816 attached
strace: Process 1717817 attached
strace: Process 1717818 attached
strace: Process 1717819 attached
strace: Process 1717820 attached
strace: Process 1717821 attached
strace: Process 1717822 attached
strace: Process 1717823 attached
strace: Process 1717824 attached
strace: Process 1717825 attached
strace: Process 1717826 attached
strace: Process 1717827 attached
strace: Process 1717828 attached
strace: Process 1717829 attached
strace: Process 1717830 attached
strace: Process 1717831 attached
strace: Process 1717832 attached
strace: Process 1717833 attached
strace: Process 1717834 attached
strace: Process 1717835 attached
strace: Process 1717836 attached
strace: Process 1717837 attached
strace: Process 1717838 attached
strace: Process 1717839 attached
strace: Process 1717842 attached
strace: Process 1717843 attached
strace: Process 1717844 attached
strace: Process 1717841 attached
strace: Process 1717840 attached
strace: Process 1717851 attached
strace: Process 1717850 attached
strace: Process 1717849 attached
strace: Process 1717848 attached
strace: Process 1717852 attached
strace: Process 1717845 attached
strace: Process 1717847 attached
strace: Process 1717846 attached
strace: Process 1717853 attached
strace: Process 1717854 attached
strace: Process 1717855 attached
strace: Process 1717856 attached
strace: Process 1718205 attached
strace: Process 1718206 attached
strace: Process 1718207 attached
strace: Process 1718430 attached
strace: Process 1718431 attached
strace: Process 1718432 attached
strace: Process 1718433 attached
strace: Process 1718434 attached
strace: Process 1718465 attached
strace: Process 1718466 attached
strace: Process 1718467 attached
[pid 1717795] +++ exited with 0 +++
[pid 1717794] +++ exited with 0 +++
[pid 1717796] +++ exited with 0 +++
[pid 1717797] +++ exited with 0 +++
[pid 1717798] +++ exited with 0 +++
[pid 1717800] +++ exited with 0 +++
[pid 1717799] +++ exited with 0 +++
[pid 1717801] +++ exited with 0 +++
[pid 1717802] +++ exited with 0 +++
[pid 1717803] +++ exited with 0 +++
[pid 1717804] +++ exited with 0 +++
[pid 1717805] +++ exited with 0 +++
[pid 1717806] +++ exited with 0 +++
[pid 1717809] +++ exited with 0 +++
[pid 1717808] +++ exited with 0 +++
[pid 1717810] +++ exited with 0 +++
[pid 1717811] +++ exited with 0 +++
[pid 1717812] +++ exited with 0 +++
[pid 1717813] +++ exited with 0 +++
[pid 1717807] +++ exited with 0 +++
[pid 1717814] +++ exited with 0 +++
[pid 1717815] +++ exited with 0 +++
[pid 1717816] +++ exited with 0 +++
[pid 1717817] +++ exited with 0 +++
[pid 1717818] +++ exited with 0 +++
[pid 1717819] +++ exited with 0 +++
[pid 1717821] +++ exited with 0 +++
[pid 1717820] +++ exited with 0 +++
[pid 1717822] +++ exited with 0 +++
[pid 1717823] +++ exited with 0 +++
[pid 1717824] +++ exited with 0 +++
[pid 1717825] +++ exited with 0 +++
[pid 1717826] +++ exited with 0 +++
[pid 1717827] +++ exited with 0 +++
[pid 1717828] +++ exited with 0 +++
[pid 1717829] +++ exited with 0 +++
[pid 1717830] +++ exited with 0 +++
[pid 1717831] +++ exited with 0 +++
[pid 1717832] +++ exited with 0 +++
[pid 1717833] +++ exited with 0 +++
[pid 1717834] +++ exited with 0 +++
[pid 1717835] +++ exited with 0 +++
[pid 1717837] +++ exited with 0 +++
[pid 1717836] +++ exited with 0 +++
[pid 1717838] +++ exited with 0 +++
[pid 1717839] +++ exited with 0 +++
[pid 1717841] +++ exited with 0 +++
[pid 1717840] +++ exited with 0 +++
[pid 1717843] +++ exited with 0 +++
[pid 1717842] +++ exited with 0 +++
[pid 1717844] +++ exited with 0 +++
[pid 1717845] +++ exited with 0 +++
[pid 1717847] +++ exited with 0 +++
[pid 1717846] +++ exited with 0 +++
[pid 1717849] +++ exited with 0 +++
[pid 1717848] +++ exited with 0 +++
[pid 1717851] +++ exited with 0 +++
[pid 1717850] +++ exited with 0 +++
[pid 1717852] +++ exited with 0 +++
[pid 1717853] +++ exited with 0 +++
[pid 1717855] +++ exited with 0 +++
[pid 1717854] +++ exited with 0 +++
[pid 1717856] +++ exited with 0 +++
strace: Process 1718590 attached
strace: Process 1718591 attached
strace: Process 1718592 attached
strace: Process 1718593 attached
[pid 1718593] +++ exited with 0 +++
strace: Process 1718594 attached
[pid 1718594] +++ exited with 0 +++
strace: Process 1718595 attached
[pid 1718595] +++ exited with 0 +++
strace: Process 1718596 attached
[pid 1718596] +++ exited with 0 +++
strace: Process 1718597 attached
[pid 1718597] +++ exited with 0 +++
strace: Process 1718598 attached
[pid 1718598] +++ exited with 0 +++
strace: Process 1718599 attached
[pid 1718599] +++ exited with 0 +++
strace: Process 1718600 attached
[pid 1718600] +++ exited with 0 +++
strace: Process 1718601 attached
[pid 1718601] +++ exited with 0 +++
strace: Process 1718602 attached
strace: Process 1718603 attached
strace: Process 1718604 attached
[pid 1718603] +++ exited with 0 +++
strace: Process 1718605 attached
[pid 1718605] +++ exited with 0 +++
strace: Process 1718606 attached
[pid 1718606] +++ exited with 0 +++
strace: Process 1718607 attached
[pid 1718607] +++ exited with 0 +++
strace: Process 1718608 attached
[pid 1718608] +++ exited with 0 +++
strace: Process 1718609 attached
[pid 1718609] +++ exited with 0 +++
strace: Process 1718610 attached
[pid 1718610] +++ exited with 0 +++
strace: Process 1718611 attached
[pid 1718611] +++ exited with 0 +++
strace: Process 1718612 attached
[pid 1718612] +++ exited with 0 +++
strace: Process 1718613 attached
[pid 1718613] +++ exited with 0 +++
strace: Process 1718614 attached
[pid 1718614] +++ exited with 0 +++
strace: Process 1718615 attached
[pid 1718615] +++ exited with 0 +++
strace: Process 1718616 attached
[pid 1718616] +++ exited with 0 +++
strace: Process 1718617 attached
[pid 1718617] +++ exited with 0 +++
strace: Process 1718618 attached
[pid 1718618] +++ exited with 0 +++
strace: Process 1718619 attached
[pid 1718619] +++ exited with 0 +++
strace: Process 1718620 attached
[pid 1718620] +++ exited with 0 +++
strace: Process 1718621 attached
[pid 1718621] +++ exited with 0 +++
strace: Process 1718622 attached
[pid 1718622] +++ exited with 0 +++
strace: Process 1718623 attached
[pid 1718623] +++ exited with 0 +++
strace: Process 1718624 attached
[pid 1718624] +++ exited with 0 +++
strace: Process 1718625 attached
[pid 1718625] +++ exited with 0 +++
strace: Process 1718626 attached
[pid 1718626] +++ exited with 0 +++
strace: Process 1718627 attached
[pid 1718627] +++ exited with 0 +++
strace: Process 1718628 attached
[pid 1718628] +++ exited with 0 +++
strace: Process 1718629 attached
[pid 1718629] +++ exited with 0 +++
strace: Process 1718630 attached
[pid 1718630] +++ exited with 0 +++
strace: Process 1718631 attached
[pid 1718631] +++ exited with 0 +++
strace: Process 1718632 attached
[pid 1718632] +++ exited with 0 +++
strace: Process 1718633 attached
[pid 1718633] +++ exited with 0 +++
strace: Process 1718634 attached
[pid 1718634] +++ exited with 0 +++
strace: Process 1718635 attached
[pid 1718635] +++ exited with 0 +++
strace: Process 1718636 attached
[pid 1718636] +++ exited with 0 +++
strace: Process 1718637 attached
[pid 1718637] +++ exited with 0 +++
strace: Process 1718638 attached
[pid 1718638] +++ exited with 0 +++
strace: Process 1718639 attached
[pid 1718639] +++ exited with 0 +++
strace: Process 1718640 attached
[pid 1718640] +++ exited with 0 +++
strace: Process 1718641 attached
[pid 1718641] +++ exited with 0 +++
strace: Process 1718642 attached
[pid 1718642] +++ exited with 0 +++
strace: Process 1718643 attached
[pid 1718643] +++ exited with 0 +++
strace: Process 1718644 attached
[pid 1718644] +++ exited with 0 +++
strace: Process 1718645 attached
[pid 1718645] +++ exited with 0 +++
strace: Process 1718646 attached
[pid 1718646] execve("/usr/local/python3.11.13/bin/python", ["/usr/local/python3.11.13/bin/python", "-c", "from multiprocessing.resource_tracker import main;main(23)"], 0xaaab002ba960 /* 53 vars */) = 0
strace: Process 1718647 attached
[pid 1718647] execve("/usr/local/python3.11.13/bin/python", ["/usr/local/python3.11.13/bin/python", "-c", "from multiprocessing.forkserver import main; main(23, 26, [], **{})"], 0xaaab002ba960 /* 53 vars */) = 0
strace: Process 1718648 attached
strace: Process 1718649 attached
strace: Process 1718650 attached
strace: Process 1718651 attached
strace: Process 1718652 attached
strace: Process 1718653 attached
strace: Process 1718654 attached
strace: Process 1718655 attached
strace: Process 1718656 attached
strace: Process 1718674 attached
strace: Process 1718675 attached
strace: Process 1718676 attached
strace: Process 1718677 attached
strace: Process 1718678 attached
strace: Process 1718679 attached
strace: Process 1718680 attached
strace: Process 1718681 attached
strace: Process 1718705 attached
strace: Process 1718706 attached
strace: Process 1718707 attached
[pid 1718707] execve("/usr/local/Ascend/ascend-toolkit/latest/compiler/ccec_compiler/bin/bisheng", ["/usr/local/Ascend/ascend-toolkit/latest/compiler/ccec_compiler/bin/bisheng", "-print-targets"], 0xaaab002ba960 /* 54 vars */) = 0
[pid 1718707] +++ exited with 0 +++
[pid 1717701] --- SIGCHLD {si_signo=SIGCHLD, si_code=CLD_EXITED, si_pid=1718707, si_uid=0, si_status=0, si_utime=0, si_stime=4} ---
strace: Process 1718708 attached
[pid 1718708] execve("/usr/bin/clang++", ["/usr/bin/clang++", "/data/baai_user_home/kcw/tmp3i5wtll2/npu_utils.cpp", "-w", "-I/usr/local/python3.11.13/include/python3.11", "-I/usr/local/python3.11.13/lib/python3.11/site-packages/triton/backends/ascend", "-I/usr/local/Ascend/ascend-toolkit/latest/include", "-I/usr/local/Ascend/ascend-toolkit/latest/include/experiment", "-I/usr/local/Ascend/ascend-toolkit/latest/include/experiment/msprof", "-I/usr/local/python3.11.13/lib/python3.11/site-packages/pybind11/include", "-L/usr/local/Ascend/ascend-toolkit/latest/lib64", "-lruntime", "-lascendcl", "-I/usr/local/python3.11.13/lib/python3.11/site-packages/torch/include", "-I/usr/local/python3.11.13/lib/python3.11/site-packages/torch_npu/include", "-L/usr/local/python3.11.13/lib/python3.11/site-packages/torch_npu/lib", "-ltorch_npu", "-D_GLIBCXX_USE_CXX11_ABI=1", "-std=c++17", "-shared", "-fPIC", "-o", "/data/baai_user_home/kcw/tmp3i5wtll2/npu_utils.cpython-311-aarch64-linux-gnu.so"], 0xaaab002ba960 /* 54 vars */) = 0
strace: Process 1718738 attached
[pid 1718738] execve("/usr/lib/llvm-15/bin/clang", ["/usr/lib/llvm-15/bin/clang", "-cc1", "-triple", "aarch64-unknown-linux-gnu", "-emit-obj", "-mrelax-all", "--mrelax-relocations", "-disable-free", "-clear-ast-before-backend", "-disable-llvm-verifier", "-discard-value-names", "-main-file-name", "npu_utils.cpp", "-mrelocation-model", "pic", "-pic-level", "2", "-fhalf-no-semantic-interposition", "-mframe-pointer=non-leaf", "-fmath-errno", "-ffp-contract=on", "-fno-rounding-math", "-mconstructor-aliases", "-funwind-tables=2", "-target-cpu", "generic", "-target-feature", "+neon", "-target-feature", "+v8a", "-target-abi", "aapcs", "-fallow-half-arguments-and-returns", "-mllvm", "-treat-scalable-fixed-error-as-warning", "-debugger-tuning=gdb", "-fcoverage-compilation-dir=/data/baai_user_home/kcw/flagtree/third_party/ascend/examples/tutorials", "-resource-dir", "/usr/lib/llvm-15/lib/clang/15.0.7", "-I", "/usr/local/python3.11.13/include/python3.11", "-I", "/usr/local/python3.11.13/lib/python3.11/site-packages/triton/backends/ascend", "-I", "/usr/local/Ascend/ascend-toolkit/latest/include", "-I", "/usr/local/Ascend/ascend-toolkit/latest/include/experiment", "-I", "/usr/local/Ascend/ascend-toolkit/latest/include/experiment/msprof", "-I", "/usr/local/python3.11.13/lib/python3.11/site-packages/pybind11/include", "-I", "/usr/local/python3.11.13/lib/python3.11/site-packages/torch/include", "-I", "/usr/local/python3.11.13/lib/python3.11/site-packages/torch_npu/include", "-D", "_GLIBCXX_USE_CXX11_ABI=1", "-internal-isystem", "/usr/bin/../lib/gcc/aarch64-linux-gnu/11/../../../../include/c++/11", "-internal-isystem", "/usr/bin/../lib/gcc/aarch64-linux-gnu/11/../../../../include/aarch64-linux-gnu/c++/11", "-internal-isystem", "/usr/bin/../lib/gcc/aarch64-linux-gnu/11/../../../../include/c++/11/backward", "-internal-isystem", "/usr/lib/llvm-15/lib/clang/15.0.7/include", "-internal-isystem", "/usr/local/include", "-internal-isystem", "/usr/bin/../lib/gcc/aarch64-linux-gnu/11/../../../../aarch64-linux-gnu/include", "-internal-externc-isystem", "/usr/include/aarch64-linux-gnu", "-internal-externc-isystem", "/include", "-internal-externc-isystem", "/usr/include", "-w", "-std=c++17", "-fdeprecated-macro", "-fdebug-compilation-dir=/data/baai_user_home/kcw/flagtree/third_party/ascend/examples/tutorials", "-ferror-limit", "19", "-fno-signed-char", "-fgnuc-version=4.2.1", "-fcxx-exceptions", "-fexceptions", "-target-feature", "+outline-atomics", "-faddrsig", "-D__GCC_HAVE_DWARF2_CFI_ASM=1", "-o", "/data/baai_user_home/kcw/npu_utils-f342dd.o", "-x", "c++", "/data/baai_user_home/kcw/tmp3i5wtll2/npu_utils.cpp"], 0xffffe8a6eb20 /* 54 vars */) = 0
[pid 1718738] +++ exited with 0 +++
[pid 1718708] --- SIGCHLD {si_signo=SIGCHLD, si_code=CLD_EXITED, si_pid=1718738, si_uid=0, si_status=0, si_utime=128, si_stime=18} ---
strace: Process 1718798 attached
[pid 1718798] execve("/usr/bin/ld", ["/usr/bin/ld", "-EL", "-z", "relro", "--hash-style=gnu", "--build-id", "--eh-frame-hdr", "-m", "aarch64linux", "-shared", "-o", "/data/baai_user_home/kcw/tmp3i5wtll2/npu_utils.cpython-311-aarch64-linux-gnu.so", "/lib/aarch64-linux-gnu/crti.o", "/usr/bin/../lib/gcc/aarch64-linux-gnu/11/crtbeginS.o", "-L/usr/local/Ascend/ascend-toolkit/latest/lib64", "-L/usr/local/python3.11.13/lib/python3.11/site-packages/torch_npu/lib", "-L/usr/bin/../lib/gcc/aarch64-linux-gnu/11", "-L/lib/aarch64-linux-gnu", "-L/usr/lib/aarch64-linux-gnu", "-L/lib", "-L/usr/lib", "/data/baai_user_home/kcw/npu_utils-f342dd.o", "-lruntime", "-lascendcl", "-ltorch_npu", "-lstdc++", "-lm", "-lgcc_s", "-lgcc", "-lc", "-lgcc_s", "-lgcc", "/usr/bin/../lib/gcc/aarch64-linux-gnu/11/crtendS.o", "/lib/aarch64-linux-gnu/crtn.o"], 0xffffe8a6eb20 /* 54 vars */) = 0
[pid 1718798] +++ exited with 0 +++
[pid 1718708] --- SIGCHLD {si_signo=SIGCHLD, si_code=CLD_EXITED, si_pid=1718798, si_uid=0, si_status=0, si_utime=13, si_stime=8} ---
[pid 1718708] +++ exited with 0 +++
[pid 1718706] --- SIGCHLD {si_signo=SIGCHLD, si_code=CLD_EXITED, si_pid=1718708, si_uid=0, si_status=0, si_utime=1, si_stime=6} ---
Traceback (most recent call last):
  File "/usr/local/python3.11.13/lib/python3.11/site-packages/triton/compiler/compiler.py", line 288, in compile
    next_module = compile_ir(module, metadata)
                  ^^^^^^^^^^^^^^^^^^^^^^^^^^^^
  File "/usr/local/python3.11.13/lib/python3.11/site-packages/triton/backends/ascend/compiler.py", line 482, in <lambda>
    lambda src, metadata: linalg_to_bin_enable_npu_compile(
                          ^^^^^^^^^^^^^^^^^^^^^^^^^^^^^^^^^
  File "/usr/local/python3.11.13/lib/python3.11/site-packages/triton/backends/ascend/compiler.py", line 242, in linalg_to_bin_enable_npu_compile
    linalg, metadata = _parse_linalg_metadata(linalg, metadata)
                       ^^^^^^^^^^^^^^^^^^^^^^^^^^^^^^^^^^^^^^^^
  File "/usr/local/python3.11.13/lib/python3.11/site-packages/triton/backends/ascend/compiler.py", line 229, in _parse_linalg_metadata
    metadata["mix_mode"] = re.search(MIX_MODE_REGEX, linalg).group(1)
                           ^^^^^^^^^^^^^^^^^^^^^^^^^^^^^^^^^^^^^^^
AttributeError: 'NoneType' object has no attribute 'group'

During handling of the above exception, another exception occurred:

Traceback (most recent call last):
  File "/data/baai_user_home/kcw/flagtree/third_party/ascend/examples/tutorials/01-vector-add.py", line 75, in <module>
    output_triton = add(x, y)
                    ^^^^^^^^^
  File "/data/baai_user_home/kcw/flagtree/third_party/ascend/examples/tutorials/01-vector-add.py", line 64, in add
    add_kernel[grid](x, y, output, n_elements, BLOCK_SIZE=1024)
  File "/usr/local/python3.11.13/lib/python3.11/site-packages/triton/runtime/jit.py", line 333, in <lambda>
    return lambda *args, **kwargs: self.run(grid=grid, warmup=False, *args, **kwargs)
                                   ^^^^^^^^^^^^^^^^^^^^^^^^^^^^^^^^^^^^^^^^^^^^^^^^^^
  File "/usr/local/python3.11.13/lib/python3.11/site-packages/triton/runtime/jit.py", line 636, in run
    kernel = self.compile(
             ^^^^^^^^^^^^^
  File "/usr/local/python3.11.13/lib/python3.11/site-packages/triton/compiler/compiler.py", line 297, in compile
    raise MLIRCompilationError(stage_name, error_detail)
triton.compiler.errors.MLIRCompilationError: 
///------------------[ERROR][Triton][BEG]------------------
[ConvertLinalgRToBinary] encounters error:
'NoneType' object has no attribute 'group'///------------------[ERROR][Triton][END]------------------

strace: Process 1718877 attached
strace: Process 1718878 attached
strace: Process 1718879 attached
strace: Process 1718880 attached
strace: Process 1718881 attached
[pid 1718433] +++ exited with 0 +++
[pid 1718648] --- SIGTERM {si_signo=SIGTERM, si_code=SI_USER, si_pid=1717701, si_uid=0} ---
[pid 1718649] --- SIGTERM {si_signo=SIGTERM, si_code=SI_USER, si_pid=1717701, si_uid=0} ---
[pid 1718650] --- SIGTERM {si_signo=SIGTERM, si_code=SI_USER, si_pid=1717701, si_uid=0} ---
[pid 1718651] --- SIGTERM {si_signo=SIGTERM, si_code=SI_USER, si_pid=1717701, si_uid=0} ---
[pid 1718652] --- SIGTERM {si_signo=SIGTERM, si_code=SI_USER, si_pid=1717701, si_uid=0} ---
[pid 1718653] --- SIGTERM {si_signo=SIGTERM, si_code=SI_USER, si_pid=1717701, si_uid=0} ---
[pid 1718654] --- SIGTERM {si_signo=SIGTERM, si_code=SI_USER, si_pid=1717701, si_uid=0} ---
[pid 1718655] --- SIGTERM {si_signo=SIGTERM, si_code=SI_USER, si_pid=1717701, si_uid=0} ---
strace: Process 1718882 attached
strace: Process 1718883 attached
[pid 1718883] +++ exited with 0 +++
strace: Process 1718884 attached
[pid 1718884] +++ exited with 0 +++
strace: Process 1718885 attached
[pid 1718885] +++ exited with 0 +++
strace: Process 1718886 attached
[pid 1718886] +++ exited with 0 +++
strace: Process 1718887 attached
[pid 1718887] +++ exited with 0 +++
strace: Process 1718888 attached
[pid 1718888] +++ exited with 0 +++
strace: Process 1718889 attached
[pid 1718889] +++ exited with 0 +++
strace: Process 1718890 attached
[pid 1718890] +++ exited with 0 +++
strace: Process 1718891 attached
[pid 1718656] --- SIGTERM {si_signo=SIGTERM, si_code=SI_USER, si_pid=1717701, si_uid=0} ---
[pid 1718891] +++ exited with 0 +++
[pid 1718653] +++ killed by SIGTERM +++
[pid 1718648] +++ killed by SIGTERM +++
[pid 1718647] --- SIGCHLD {si_signo=SIGCHLD, si_code=CLD_KILLED, si_pid=1718653, si_uid=0, si_status=SIGTERM, si_utime=227, si_stime=132} ---
[pid 1718602] +++ exited with 0 +++
strace: Process 1718894 attached
[pid 1718649] +++ killed by SIGTERM +++
[pid 1718647] --- SIGCHLD {si_signo=SIGCHLD, si_code=CLD_KILLED, si_pid=1718649, si_uid=0, si_status=SIGTERM, si_utime=215, si_stime=121} ---
[pid 1718654] +++ killed by SIGTERM +++
[pid 1718647] --- SIGCHLD {si_signo=SIGCHLD, si_code=CLD_KILLED, si_pid=1718654, si_uid=0, si_status=SIGTERM, si_utime=207, si_stime=134} ---
[pid 1718894] --- SIGPIPE {si_signo=SIGPIPE, si_code=SI_USER, si_pid=1718590, si_uid=0} ---
[pid 1718650] +++ killed by SIGTERM +++
[pid 1718647] --- SIGCHLD {si_signo=SIGCHLD, si_code=CLD_KILLED, si_pid=1718650, si_uid=0, si_status=SIGTERM, si_utime=213, si_stime=122} ---
[pid 1718894] --- SIGPIPE {si_signo=SIGPIPE, si_code=SI_USER, si_pid=1718590, si_uid=0} ---
[pid 1718894] +++ exited with 0 +++
[pid 1718651] +++ killed by SIGTERM +++
[pid 1718647] --- SIGCHLD {si_signo=SIGCHLD, si_code=CLD_KILLED, si_pid=1718651, si_uid=0, si_status=SIGTERM, si_utime=236, si_stime=142} ---
[pid 1718655] +++ killed by SIGTERM +++
[pid 1718652] +++ killed by SIGTERM +++
[pid 1718647] --- SIGCHLD {si_signo=SIGCHLD, si_code=CLD_KILLED, si_pid=1718655, si_uid=0, si_status=SIGTERM, si_utime=208, si_stime=121} ---
Traceback (most recent call last):
  File "/usr/local/python3.11.13/lib/python3.11/multiprocessing/process.py", line 314, in _bootstrap
    self.run()
  File "/usr/local/python3.11.13/lib/python3.11/multiprocessing/process.py", line 108, in run
    self._target(*self._args, **self._kwargs)
  File "/usr/local/python3.11.13/lib/python3.11/multiprocessing/managers.py", line 600, in _run_server
    server.serve_forever()
  File "/usr/local/python3.11.13/lib/python3.11/multiprocessing/managers.py", line 184, in serve_forever
    sys.exit(0)
SystemExit: 0

During handling of the above exception, another exception occurred:

Traceback (most recent call last):
  File "/usr/local/python3.11.13/lib/python3.11/multiprocessing/util.py", line 303, in _run_finalizers
    finalizer()
  File "/usr/local/python3.11.13/lib/python3.11/multiprocessing/util.py", line 227, in __call__
    res = self._callback(*self._args, **self._kwargs)
          ^^^^^^^^^^^^^^^^^^^^^^^^^^^^^^^^^^^^^^^^^^^
  File "/usr/local/python3.11.13/lib/python3.11/multiprocessing/util.py", line 136, in _remove_temp_dir
    rmtree(tempdir, onerror=onerror)
  File "/usr/local/python3.11.13/lib/python3.11/shutil.py", line 752, in rmtree
    _rmtree_safe_fd(fd, path, onerror)
  File "/usr/local/python3.11.13/lib/python3.11/shutil.py", line 703, in _rmtree_safe_fd
    onerror(os.unlink, fullname, sys.exc_info())
  File "/usr/local/python3.11.13/lib/python3.11/shutil.py", line 701, in _rmtree_safe_fd
    os.unlink(entry.name, dir_fd=topfd)
OSError: [Errno 16] Device or resource busy: '.__dpc00000000005d069d00001284'
[pid 1718882] +++ exited with 0 +++
[pid 1718604] +++ exited with 0 +++
[pid 1718592] +++ exited with 0 +++
[pid 1718591] +++ exited with 0 +++
[pid 1718656] +++ killed by SIGTERM +++
[pid 1718647] --- SIGCHLD {si_signo=SIGCHLD, si_code=CLD_KILLED, si_pid=1718656, si_uid=0, si_status=SIGTERM, si_utime=211, si_stime=121} ---
[pid 1718590] +++ exited with 0 +++
[pid 1717701] --- SIGCHLD {si_signo=SIGCHLD, si_code=CLD_EXITED, si_pid=1718590, si_uid=0, si_status=0, si_utime=4, si_stime=12} ---
[pid 1718674] --- SIGTERM {si_signo=SIGTERM, si_code=SI_USER, si_pid=1717701, si_uid=0} ---
[pid 1718675] --- SIGTERM {si_signo=SIGTERM, si_code=SI_USER, si_pid=1717701, si_uid=0} ---
[pid 1718676] --- SIGTERM {si_signo=SIGTERM, si_code=SI_USER, si_pid=1717701, si_uid=0} ---
[pid 1718677] --- SIGTERM {si_signo=SIGTERM, si_code=SI_USER, si_pid=1717701, si_uid=0} ---
[pid 1718678] --- SIGTERM {si_signo=SIGTERM, si_code=SI_USER, si_pid=1717701, si_uid=0} ---
[pid 1718679] --- SIGTERM {si_signo=SIGTERM, si_code=SI_USER, si_pid=1717701, si_uid=0} ---
[pid 1718680] --- SIGTERM {si_signo=SIGTERM, si_code=SI_USER, si_pid=1717701, si_uid=0} ---
[pid 1718681] --- SIGTERM {si_signo=SIGTERM, si_code=SI_USER, si_pid=1717701, si_uid=0} ---
[pid 1718681] +++ killed by SIGTERM +++
[pid 1718647] --- SIGCHLD {si_signo=SIGCHLD, si_code=CLD_KILLED, si_pid=1718681, si_uid=0, si_status=SIGTERM, si_utime=242, si_stime=122} ---
[pid 1718677] +++ killed by SIGTERM +++
[pid 1718647] --- SIGCHLD {si_signo=SIGCHLD, si_code=CLD_KILLED, si_pid=1718677, si_uid=0, si_status=SIGTERM, si_utime=239, si_stime=113} ---
[pid 1718675] +++ killed by SIGTERM +++
[pid 1718674] +++ killed by SIGTERM +++
[pid 1718647] --- SIGCHLD {si_signo=SIGCHLD, si_code=CLD_KILLED, si_pid=1718675, si_uid=0, si_status=SIGTERM, si_utime=224, si_stime=111} ---
[pid 1718679] +++ killed by SIGTERM +++
[pid 1718647] --- SIGCHLD {si_signo=SIGCHLD, si_code=CLD_KILLED, si_pid=1718679, si_uid=0, si_status=SIGTERM, si_utime=222, si_stime=117} ---
[pid 1718680] +++ killed by SIGTERM +++
[pid 1718647] --- SIGCHLD {si_signo=SIGCHLD, si_code=CLD_KILLED, si_pid=1718680, si_uid=0, si_status=SIGTERM, si_utime=246, si_stime=114} ---
[pid 1718678] +++ killed by SIGTERM +++
[pid 1718647] --- SIGCHLD {si_signo=SIGCHLD, si_code=CLD_KILLED, si_pid=1718678, si_uid=0, si_status=SIGTERM, si_utime=230, si_stime=120} ---
[pid 1718676] +++ killed by SIGTERM +++
[pid 1718647] --- SIGCHLD {si_signo=SIGCHLD, si_code=CLD_KILLED, si_pid=1718676, si_uid=0, si_status=SIGTERM, si_utime=233, si_stime=131} ---
[pid 1718432] +++ exited with 0 +++
[pid 1718430] +++ exited with 0 +++
[pid 1718431] +++ exited with 0 +++
Traceback (most recent call last):
  File "/usr/local/python3.11.13/lib/python3.11/multiprocessing/util.py", line 303, in _run_finalizers
    finalizer()
  File "/usr/local/python3.11.13/lib/python3.11/multiprocessing/util.py", line 227, in __call__
    res = self._callback(*self._args, **self._kwargs)
          ^^^^^^^^^^^^^^^^^^^^^^^^^^^^^^^^^^^^^^^^^^^
  File "/usr/local/python3.11.13/lib/python3.11/multiprocessing/util.py", line 136, in _remove_temp_dir
    rmtree(tempdir, onerror=onerror)
  File "/usr/local/python3.11.13/lib/python3.11/shutil.py", line 763, in rmtree
    onerror(os.rmdir, path, sys.exc_info())
  File "/usr/local/python3.11.13/lib/python3.11/shutil.py", line 761, in rmtree
    os.rmdir(path, dir_fd=dir_fd)
OSError: [Errno 39] Directory not empty: '/data/baai_user_home/kcw/pymp-hrt2os75'
[ERROR] 2025-11-13-10:12:29 (PID:1717701, Device:0, RankID:-1) ERR99999 UNKNOWN applicaiton exception
[pid 1718881] +++ exited with 0 +++
[pid 1718880] +++ exited with 0 +++
[pid 1718879] +++ exited with 0 +++
[pid 1718878] +++ exited with 0 +++
[pid 1718877] +++ exited with 0 +++
[pid 1718466] +++ exited with 0 +++
[pid 1718465] +++ exited with 0 +++
[pid 1718705] +++ exited with 0 +++
[pid 1718706] +++ exited with 0 +++
[pid 1718467] +++ exited with 0 +++
[pid 1718205] +++ exited with 0 +++
[pid 1718434] +++ exited with 0 +++
[pid 1718207] +++ exited with 0 +++
[pid 1718206] +++ exited with 0 +++
[pid 1717701] +++ exited with 1 +++
[pid 1718646] +++ exited with 0 +++
+++ exited with 0 +++
